<?xml version="1.0" encoding="UTF-8"?>
<!-- Generated by org.testng.reporters.JUnitReportReporter -->
<testsuite hostname="Jagdamba" failures="0" tests="1" name="testPackage.TestClass" time="6.554" errors="0" timestamp="2023-03-15T19:15:57 IST" skipped="0">
  <testcase classname="testPackage.TestClass" name="test" time="6.554"/>
  <system-out/>
</testsuite> <!-- testPackage.TestClass -->
